<?xml version="1.0" ?>
<coverage version="5.1" timestamp="1592674269402" lines-valid="314" lines-covered="163" line-rate="0.5191" branches-covered="0" branches-valid="0" branch-rate="0" complexity="0">
	<!-- Generated by coverage.py: https://coverage.readthedocs.io -->
	<!-- Based on https://raw.githubusercontent.com/cobertura/web/master/htdocs/xml/coverage-04.dtd -->
	<sources>
		<source></source>
	</sources>
	<packages>
		<package name="C:.Users.Rafa.git.SLCS-MasterRolBot.src" line-rate="0.6429" branch-rate="0" complexity="0">
			<classes>
				<class name="main.py" filename="C:/Users/Rafa/git/SLCS-MasterRolBot/src/main.py" complexity="0" line-rate="0.6429" branch-rate="0">
					<methods/>
					<lines>
						<line number="15" hits="1"/>
						<line number="18" hits="1"/>
						<line number="20" hits="1"/>
						<line number="23" hits="1"/>
						<line number="34" hits="1"/>
						<line number="35" hits="1"/>
						<line number="37" hits="0"/>
						<line number="38" hits="0"/>
						<line number="40" hits="0"/>
						<line number="41" hits="0"/>
						<line number="44" hits="1"/>
						<line number="45" hits="0"/>
						<line number="48" hits="1"/>
						<line number="49" hits="1"/>
					</lines>
				</class>
			</classes>
		</package>
		<package name="C:.Users.Rafa.git.SLCS-MasterRolBot.src.bot" line-rate="0.5368" branch-rate="0" complexity="0">
			<classes>
				<class name="__init__.py" filename="C:/Users/Rafa/git/SLCS-MasterRolBot/src/bot/__init__.py" complexity="0" line-rate="1" branch-rate="0">
					<methods/>
					<lines/>
				</class>
				<class name="bot.py" filename="C:/Users/Rafa/git/SLCS-MasterRolBot/src/bot/bot.py" complexity="0" line-rate="0.5368" branch-rate="0">
					<methods/>
					<lines>
						<line number="14" hits="1"/>
						<line number="15" hits="1"/>
						<line number="16" hits="1"/>
						<line number="19" hits="1"/>
						<line number="20" hits="1"/>
						<line number="23" hits="1"/>
						<line number="24" hits="1"/>
						<line number="26" hits="1"/>
						<line number="28" hits="1"/>
						<line number="29" hits="1"/>
						<line number="31" hits="1"/>
						<line number="32" hits="1"/>
						<line number="35" hits="1"/>
						<line number="40" hits="1"/>
						<line number="52" hits="1"/>
						<line number="54" hits="1"/>
						<line number="66" hits="1"/>
						<line number="68" hits="1"/>
						<line number="69" hits="1"/>
						<line number="70" hits="1"/>
						<line number="72" hits="1"/>
						<line number="74" hits="1"/>
						<line number="75" hits="1"/>
						<line number="77" hits="1"/>
						<line number="79" hits="1"/>
						<line number="81" hits="1"/>
						<line number="82" hits="1"/>
						<line number="84" hits="1"/>
						<line number="86" hits="1"/>
						<line number="88" hits="1"/>
						<line number="90" hits="1"/>
						<line number="93" hits="1"/>
						<line number="104" hits="1"/>
						<line number="106" hits="1"/>
						<line number="108" hits="1"/>
						<line number="110" hits="1"/>
						<line number="113" hits="1"/>
						<line number="114" hits="1"/>
						<line number="118" hits="1"/>
						<line number="119" hits="0"/>
						<line number="122" hits="1"/>
						<line number="124" hits="1"/>
						<line number="125" hits="0"/>
						<line number="127" hits="1"/>
						<line number="128" hits="0"/>
						<line number="130" hits="1"/>
						<line number="133" hits="1"/>
						<line number="137" hits="1"/>
						<line number="141" hits="1"/>
						<line number="143" hits="1"/>
						<line number="149" hits="1"/>
						<line number="151" hits="1"/>
						<line number="153" hits="1"/>
						<line number="161" hits="1"/>
						<line number="163" hits="1"/>
						<line number="164" hits="0"/>
						<line number="166" hits="0"/>
						<line number="167" hits="0"/>
						<line number="170" hits="1"/>
						<line number="172" hits="1"/>
						<line number="173" hits="1"/>
						<line number="174" hits="0"/>
						<line number="175" hits="0"/>
						<line number="177" hits="0"/>
						<line number="179" hits="0"/>
						<line number="187" hits="0"/>
						<line number="190" hits="1"/>
						<line number="194" hits="0"/>
						<line number="196" hits="0"/>
						<line number="199" hits="1"/>
						<line number="205" hits="1"/>
						<line number="207" hits="1"/>
						<line number="210" hits="1"/>
						<line number="215" hits="0"/>
						<line number="216" hits="0"/>
						<line number="218" hits="0"/>
						<line number="219" hits="0"/>
						<line number="221" hits="0"/>
						<line number="222" hits="0"/>
						<line number="225" hits="0"/>
						<line number="228" hits="0"/>
						<line number="230" hits="0"/>
						<line number="231" hits="0"/>
						<line number="233" hits="0"/>
						<line number="235" hits="0"/>
						<line number="236" hits="0"/>
						<line number="238" hits="0"/>
						<line number="241" hits="1"/>
						<line number="246" hits="0"/>
						<line number="257" hits="1"/>
						<line number="262" hits="0"/>
						<line number="264" hits="0"/>
						<line number="265" hits="0"/>
						<line number="267" hits="0"/>
						<line number="270" hits="0"/>
						<line number="272" hits="0"/>
						<line number="274" hits="0"/>
						<line number="277" hits="1"/>
						<line number="289" hits="0"/>
						<line number="293" hits="0"/>
						<line number="295" hits="0"/>
						<line number="296" hits="0"/>
						<line number="297" hits="0"/>
						<line number="299" hits="0"/>
						<line number="300" hits="0"/>
						<line number="303" hits="0"/>
						<line number="307" hits="0"/>
						<line number="309" hits="0"/>
						<line number="310" hits="0"/>
						<line number="311" hits="0"/>
						<line number="313" hits="0"/>
						<line number="314" hits="0"/>
						<line number="316" hits="0"/>
						<line number="317" hits="0"/>
						<line number="320" hits="0"/>
						<line number="324" hits="0"/>
						<line number="325" hits="0"/>
						<line number="335" hits="0"/>
						<line number="338" hits="0"/>
						<line number="341" hits="0"/>
						<line number="344" hits="0"/>
						<line number="347" hits="0"/>
						<line number="350" hits="0"/>
						<line number="353" hits="0"/>
						<line number="356" hits="1"/>
						<line number="368" hits="1"/>
						<line number="372" hits="1"/>
						<line number="374" hits="1"/>
						<line number="375" hits="1"/>
						<line number="377" hits="1"/>
						<line number="378" hits="1"/>
						<line number="382" hits="1"/>
						<line number="384" hits="1"/>
						<line number="385" hits="1"/>
						<line number="395" hits="1"/>
						<line number="398" hits="0"/>
						<line number="400" hits="1"/>
						<line number="402" hits="1"/>
						<line number="405" hits="0"/>
						<line number="408" hits="0"/>
						<line number="411" hits="1"/>
						<line number="420" hits="0"/>
						<line number="421" hits="0"/>
						<line number="425" hits="0"/>
						<line number="426" hits="0"/>
						<line number="430" hits="0"/>
						<line number="431" hits="0"/>
						<line number="434" hits="0"/>
						<line number="441" hits="0"/>
						<line number="444" hits="0"/>
						<line number="446" hits="0"/>
						<line number="448" hits="0"/>
						<line number="450" hits="0"/>
						<line number="451" hits="0"/>
						<line number="453" hits="0"/>
						<line number="455" hits="0"/>
						<line number="458" hits="1"/>
						<line number="468" hits="1"/>
						<line number="470" hits="1"/>
						<line number="472" hits="1"/>
						<line number="473" hits="1"/>
						<line number="475" hits="1"/>
						<line number="476" hits="0"/>
						<line number="478" hits="1"/>
						<line number="479" hits="1"/>
						<line number="480" hits="1"/>
						<line number="482" hits="1"/>
						<line number="483" hits="1"/>
						<line number="484" hits="1"/>
						<line number="486" hits="0"/>
						<line number="487" hits="0"/>
						<line number="488" hits="0"/>
						<line number="491" hits="0"/>
						<line number="493" hits="0"/>
						<line number="496" hits="1"/>
						<line number="499" hits="1"/>
						<line number="502" hits="0"/>
						<line number="505" hits="1"/>
						<line number="508" hits="0"/>
						<line number="511" hits="1"/>
						<line number="518" hits="1"/>
						<line number="519" hits="1"/>
						<line number="521" hits="1"/>
						<line number="522" hits="1"/>
						<line number="525" hits="0"/>
						<line number="527" hits="1"/>
						<line number="529" hits="1"/>
						<line number="531" hits="1"/>
						<line number="532" hits="1"/>
						<line number="534" hits="1"/>
					</lines>
				</class>
			</classes>
		</package>
		<package name="C:.Users.Rafa.git.SLCS-MasterRolBot.src.logger" line-rate="0.7241" branch-rate="0" complexity="0">
			<classes>
				<class name="__init__.py" filename="C:/Users/Rafa/git/SLCS-MasterRolBot/src/logger/__init__.py" complexity="0" line-rate="1" branch-rate="0">
					<methods/>
					<lines/>
				</class>
				<class name="logger.py" filename="C:/Users/Rafa/git/SLCS-MasterRolBot/src/logger/logger.py" complexity="0" line-rate="0.7241" branch-rate="0">
					<methods/>
					<lines>
						<line number="15" hits="1"/>
						<line number="16" hits="1"/>
						<line number="19" hits="1"/>
						<line number="24" hits="1"/>
						<line number="27" hits="1"/>
						<line number="39" hits="1"/>
						<line number="40" hits="1"/>
						<line number="42" hits="1"/>
						<line number="45" hits="1"/>
						<line number="51" hits="1"/>
						<line number="54" hits="1"/>
						<line number="61" hits="0"/>
						<line number="62" hits="0"/>
						<line number="64" hits="0"/>
						<line number="65" hits="0"/>
						<line number="68" hits="1"/>
						<line number="74" hits="1"/>
						<line number="75" hits="1"/>
						<line number="77" hits="0"/>
						<line number="78" hits="0"/>
						<line number="81" hits="1"/>
						<line number="84" hits="1"/>
						<line number="85" hits="1"/>
						<line number="95" hits="1"/>
						<line number="96" hits="1"/>
						<line number="99" hits="0"/>
						<line number="103" hits="1"/>
						<line number="106" hits="1"/>
						<line number="112" hits="0"/>
					</lines>
				</class>
			</classes>
		</package>
		<package name="C:.Users.Rafa.git.SLCS-MasterRolBot.src.pid" line-rate="0.3827" branch-rate="0" complexity="0">
			<classes>
				<class name="__init__.py" filename="C:/Users/Rafa/git/SLCS-MasterRolBot/src/pid/__init__.py" complexity="0" line-rate="1" branch-rate="0">
					<methods/>
					<lines/>
				</class>
				<class name="pid.py" filename="C:/Users/Rafa/git/SLCS-MasterRolBot/src/pid/pid.py" complexity="0" line-rate="0.3827" branch-rate="0">
					<methods/>
					<lines>
						<line number="14" hits="1"/>
						<line number="16" hits="1"/>
						<line number="17" hits="1"/>
						<line number="20" hits="1"/>
						<line number="24" hits="1"/>
						<line number="29" hits="1"/>
						<line number="32" hits="1"/>
						<line number="40" hits="0"/>
						<line number="41" hits="0"/>
						<line number="44" hits="0"/>
						<line number="47" hits="1"/>
						<line number="51" hits="1"/>
						<line number="57" hits="0"/>
						<line number="59" hits="0"/>
						<line number="62" hits="1"/>
						<line number="66" hits="0"/>
						<line number="68" hits="0"/>
						<line number="69" hits="0"/>
						<line number="70" hits="0"/>
						<line number="72" hits="0"/>
						<line number="73" hits="0"/>
						<line number="76" hits="0"/>
						<line number="78" hits="0"/>
						<line number="79" hits="0"/>
						<line number="82" hits="0"/>
						<line number="83" hits="0"/>
						<line number="85" hits="0"/>
						<line number="87" hits="0"/>
						<line number="89" hits="0"/>
						<line number="92" hits="1"/>
						<line number="96" hits="0"/>
						<line number="97" hits="0"/>
						<line number="99" hits="0"/>
						<line number="100" hits="0"/>
						<line number="103" hits="0"/>
						<line number="106" hits="1"/>
						<line number="110" hits="0"/>
						<line number="111" hits="0"/>
						<line number="112" hits="0"/>
						<line number="113" hits="0"/>
						<line number="115" hits="0"/>
						<line number="116" hits="0"/>
						<line number="118" hits="0"/>
						<line number="121" hits="1"/>
						<line number="125" hits="1"/>
						<line number="131" hits="1"/>
						<line number="133" hits="1"/>
						<line number="134" hits="1"/>
						<line number="137" hits="1"/>
						<line number="141" hits="1"/>
						<line number="142" hits="1"/>
						<line number="143" hits="0"/>
						<line number="145" hits="1"/>
						<line number="146" hits="1"/>
						<line number="149" hits="0"/>
						<line number="151" hits="0"/>
						<line number="153" hits="0"/>
						<line number="154" hits="0"/>
						<line number="157" hits="1"/>
						<line number="158" hits="1"/>
						<line number="160" hits="1"/>
						<line number="162" hits="1"/>
						<line number="164" hits="1"/>
						<line number="167" hits="0"/>
						<line number="170" hits="1"/>
						<line number="173" hits="1"/>
						<line number="177" hits="0"/>
						<line number="178" hits="0"/>
						<line number="180" hits="0"/>
						<line number="181" hits="0"/>
						<line number="184" hits="0"/>
						<line number="187" hits="1"/>
						<line number="191" hits="0"/>
						<line number="192" hits="0"/>
						<line number="193" hits="0"/>
						<line number="194" hits="0"/>
						<line number="196" hits="0"/>
						<line number="197" hits="0"/>
						<line number="199" hits="0"/>
						<line number="202" hits="1"/>
						<line number="206" hits="0"/>
					</lines>
				</class>
			</classes>
		</package>
	</packages>
</coverage>
